TN:
SF:/home/robert/School/project1/test/tests.c
FN:11,test_alloc
FN:18,test_alloc_array
FN:26,destructor_string
FN:33,test_destructor_null
FN:40,test_destruct_string
FN:47,init_suite
FN:51,clean_suite
FN:56,main
FNDA:1,test_alloc
FNDA:1,test_alloc_array
FNDA:1,destructor_string
FNDA:1,test_destructor_null
FNDA:1,test_destruct_string
FNDA:1,init_suite
FNDA:1,clean_suite
FNDA:1,main
FNF:8
FNH:8
BRDA:59,0,1,0
BRDA:59,0,2,1
BRDA:63,4294967295,0,0
BRDA:63,4294967295,1,1
BRDA:69,4294967295,0,1
BRDA:69,4294967295,1,0
BRDA:70,0,1,1
BRDA:70,0,2,0
BRDA:71,0,1,1
BRDA:71,0,2,0
BRDA:72,0,1,0
BRDA:72,0,2,1
BRF:12
BRH:6
DA:11,1
DA:13,1
DA:14,1
DA:15,1
DA:16,1
DA:18,1
DA:20,1
DA:21,1
DA:22,1
DA:23,1
DA:24,1
DA:26,1
DA:28,1
DA:29,1
DA:30,1
DA:31,1
DA:33,1
DA:35,1
DA:36,1
DA:38,1
DA:40,1
DA:42,1
DA:43,1
DA:44,1
DA:45,1
DA:47,1
DA:49,1
DA:51,1
DA:53,1
DA:56,1
DA:58,1
DA:59,1
DA:60,0
DA:62,1
DA:63,1
DA:65,0
DA:66,0
DA:69,1
DA:70,2
DA:71,2
DA:72,2
DA:73,1
DA:76,0
DA:77,0
DA:80,1
DA:81,1
DA:82,1
DA:83,1
LF:48
LH:43
end_of_record
TN:
SF:/home/robert/School/project1/src/allocate.c
FN:16,allocate
FN:31,allocate_array
FN:45,has_destructor
FN:50,set_destructor
FN:57,deallocate
FNDA:2,allocate
FNDA:2,allocate_array
FNDA:0,has_destructor
FNDA:0,set_destructor
FNDA:4,deallocate
FNF:5
FNH:3
BRDA:65,0,0,4
BRDA:65,0,1,0
BRDA:67,0,0,1
BRDA:67,0,1,3
BRF:4
BRH:3
DA:16,2
DA:18,2
DA:19,2
DA:20,2
DA:22,2
DA:23,2
DA:24,2
DA:25,2
DA:26,2
DA:31,2
DA:33,2
DA:34,2
DA:35,2
DA:37,2
DA:38,2
DA:39,2
DA:40,2
DA:41,2
DA:45,0
DA:46,0
DA:50,0
DA:52,0
DA:54,0
DA:55,0
DA:57,4
DA:59,4
DA:60,4
DA:61,4
DA:62,4
DA:63,4
DA:65,4
DA:67,4
DA:69,1
DA:71,4
DA:72,4
DA:74,4
LF:36
LH:30
end_of_record
